\BOOKMARK [0][-]{chapter.1}{Introducci\363n}{}% 1
\BOOKMARK [1][-]{section.1.1}{Problema y Dataset}{chapter.1}% 2
\BOOKMARK [2][-]{subsection.1.1.1}{Evaluaci\363n}{section.1.1}% 3
\BOOKMARK [1][-]{section.1.2}{Herramientas y objetivos}{chapter.1}% 4
\BOOKMARK [2][-]{subsection.1.2.1}{Hardware}{section.1.2}% 5
\BOOKMARK [2][-]{subsection.1.2.2}{Software}{section.1.2}% 6
\BOOKMARK [2][-]{subsection.1.2.3}{Objetivos}{section.1.2}% 7
\BOOKMARK [1][-]{section.1.3}{Organizaci\363n del trabajo}{chapter.1}% 8
\BOOKMARK [0][-]{chapter.2}{Preprocesado}{}% 9
\BOOKMARK [1][-]{section.2.1}{Resize data}{chapter.2}% 10
\BOOKMARK [1][-]{section.2.2}{Cut data}{chapter.2}% 11
\BOOKMARK [1][-]{section.2.3}{Data Aumentation}{chapter.2}% 12
\BOOKMARK [1][-]{section.2.4}{Undersampling}{chapter.2}% 13
\BOOKMARK [0][-]{chapter.3}{Clasificaci\363n con NN}{}% 14
\BOOKMARK [1][-]{section.3.1}{Intel Deeplearning SDK}{chapter.3}% 15
\BOOKMARK [1][-]{section.3.2}{From Scratch}{chapter.3}% 16
\BOOKMARK [2][-]{subsection.3.2.1}{Mxnet}{section.3.2}% 17
\BOOKMARK [2][-]{subsection.3.2.2}{TensorFlow+Keras}{section.3.2}% 18
\BOOKMARK [1][-]{section.3.3}{Red ya entrenada}{chapter.3}% 19
\BOOKMARK [1][-]{section.3.4}{Fine Tunning}{chapter.3}% 20
\BOOKMARK [0][-]{chapter.4}{Multiclasificaci\363n y mapas de caracter\355sticas}{}% 21
\BOOKMARK [1][-]{section.4.1}{Multiclasificacion}{chapter.4}% 22
\BOOKMARK [1][-]{section.4.2}{Mapas de caracter\355sticas}{chapter.4}% 23
\BOOKMARK [0][-]{chapter.5}{Conclusiones y v\355as futuras}{}% 24
\BOOKMARK [1][-]{section.5.1}{Conclusiones finales}{chapter.5}% 25
\BOOKMARK [1][-]{section.5.2}{V\355as futuras}{chapter.5}% 26
\BOOKMARK [0][-]{chapter.6}{ANEXO I}{}% 27
